[kbplacer_plugin_action.py:65]: Plugin version: 0.13
[kbplacer_plugin_action.py:66]: Python version: '3.11.5 (main, Jan 27 2025, 07:08:36) [MSC v.1942 64 bit (AMD64)]'
[kbplacer_plugin_action.py:67]: KiCad version: 9.0.0 with 4.2.2 msw (phoenix) wxWidgets 3.2.6
[kbplacer_dialog.py:586]: Language: en
[kbplacer_plugin_action.py:75]: GUI state: {"layout_path": "C:\\Users\\dac63\\Downloads\\keyboard-layout.json", "key_distance": [19.05, 19.05], "key_info": {"annotation_format": "S{}", "position_option": "Default", "position": {"x": 0.0, "y": 0.0, "orientation": 0.0, "side": "Front"}, "template_path": ""}, "enable_diode_placement": true, "route_switches_with_diodes": false, "optimize_diodes_orientation": false, "diode_info": {"annotation_format": "D{}", "position_option": "Custom", "position": {"x": 8.0, "y": 1.0, "orientation": 90.0, "side": "Back"}, "template_path": ""}, "additional_elements": [{"annotation_format": "LED{}", "position_option": "Custom", "position": {"x": 0.0, "y": 5.5, "orientation": 0.0, "side": "Back"}, "template_path": ""}], "route_rows_and_columns": false, "template_path": "", "generate_outline": false, "outline_delta": 4.0}
[key_placer.py:362]: Set key 1U distance: 19050000/19050000
[key_placer.py:124]: Switches by nets: defaultdict(<class 'list'>, {frozenset({'/COL_1', '/ROW_2'}): ['S30'], frozenset({'/COL_9', '/ROW_3'}): ['S50'], frozenset({'/ROW_0', '/COL_8'}): ['S9'], frozenset({'/ROW_1', '/COL_1'}): ['S16'], frozenset({'/COL_10', '/ROW_1'}): ['S25'], frozenset({'/COL_10', '/ROW_0'}): ['S11'], frozenset({'/COL_2', '/ROW_3'}): ['S43'], frozenset({'/COL_0', '/ROW_2'}): ['S29'], frozenset({'/ROW_1', '/COL_6'}): ['S21'], frozenset({'/COL_12', '/ROW_4'}): ['S60'], frozenset({'/COL_3', '/ROW_2'}): ['S32'], frozenset({'/ROW_4', '/COL_1'}): ['S55'], frozenset({'/COL_10', '/ROW_2'}): ['S39'], frozenset({'/COL_9', '/ROW_1'}): ['S24'], frozenset({'/ROW_0', '/COL_7'}): ['S8'], frozenset({'/COL_10', '/ROW_4'}): ['S58'], frozenset({'/ROW_2', '/COL_13'}): ['S41'], frozenset({'/ROW_2', '/COL_7'}): ['S36'], frozenset({'/ROW_3', '/COL_13'}): ['S53'], frozenset({'/COL_9', '/ROW_0'}): ['S10'], frozenset({'/COL_1', '/ROW_0'}): ['S2'], frozenset({'/COL_11', '/ROW_4'}): ['S59'], frozenset({'/ROW_1', '/COL_12'}): ['S27'], frozenset({'/ROW_3', '/COL_6'}): ['S47'], frozenset({'/COL_2', '/ROW_1'}): ['S17'], frozenset({'/ROW_3', '/COL_3'}): ['S44'], frozenset({'/COL_2', '/ROW_0'}): ['S3'], frozenset({'/ROW_2', '/COL_8'}): ['S37'], frozenset({'/ROW_1', '/COL_13'}): ['S28'], frozenset({'/COL_9', '/ROW_2'}): ['S38'], frozenset({'/COL_2', '/ROW_4'}): ['S56'], frozenset({'/COL_5', '/ROW_2'}): ['S34'], frozenset({'/COL_4', '/ROW_1'}): ['S19'], frozenset({'/ROW_1', '/COL_7'}): ['S22'], frozenset({'/ROW_0', '/COL_13'}): ['S14'], frozenset({'/COL_10', '/ROW_3'}): ['S51'], frozenset({'/COL_4', '/ROW_2'}): ['S33'], frozenset({'/COL_6', '/ROW_4'}): ['S57'], frozenset({'/ROW_3', '/COL_7'}): ['S48'], frozenset({'/COL_4', '/ROW_3'}): ['S45'], frozenset({'/COL_5', '/ROW_1'}): ['S20'], frozenset({'/COL_5', '/ROW_0'}): ['S6'], frozenset({'/COL_6', '/ROW_2'}): ['S35'], frozenset({'/COL_0', '/ROW_3'}): ['S42'], frozenset({'/COL_12', '/ROW_0'}): ['S13'], frozenset({'/COL_5', '/ROW_3'}): ['S46'], frozenset({'/COL_11', '/ROW_2'}): ['S40'], frozenset({'/COL_11', '/ROW_3'}): ['S52'], frozenset({'/ROW_3', '/COL_8'}): ['S49'], frozenset({'/COL_0', '/ROW_4'}): ['S54'], frozenset({'/COL_11', '/ROW_0'}): ['S12'], frozenset({'/COL_11', '/ROW_1'}): ['S26'], frozenset({'/ROW_1', '/COL_8'}): ['S23'], frozenset({'/COL_4', '/ROW_0'}): ['S5'], frozenset({'/COL_0', '/ROW_1'}): ['S15'], frozenset({'/COL_6', '/ROW_0'}): ['S7'], frozenset({'/COL_0', '/ROW_0'}): ['S1'], frozenset({'/ROW_1', '/COL_3'}): ['S18'], frozenset({'/COL_3', '/ROW_0'}): ['S4'], frozenset({'/ROW_4', '/COL_13'}): ['S61'], frozenset({'/COL_2', '/ROW_2'}): ['S31']})
[key_placer.py:128]: Diodes by switch: {'S37': ['D37'], 'S31': ['D31'], 'S55': ['D55'], 'S2': ['D2'], 'S60': ['D60'], 'S18': ['D18'], 'S20': ['D20'], 'S51': ['D51'], 'S24': ['D24'], 'S57': ['D57'], 'S34': ['D34'], 'S28': ['D28'], 'S30': ['D30'], 'S14': ['D14'], 'S42': ['D42'], 'S4': ['D4'], 'S15': ['D15'], 'S59': ['D59'], 'S1': ['D1'], 'S7': ['D7'], 'S8': ['D8'], 'S58': ['D58'], 'S13': ['D13'], 'S29': ['D29'], 'S53': ['D53'], 'S43': ['D43'], 'S32': ['D32'], 'S25': ['D25'], 'S36': ['D36'], 'S5': ['D5'], 'S47': ['D47'], 'S49': ['D49'], 'S61': ['D61'], 'S38': ['D38'], 'S44': ['D44'], 'S11': ['D11'], 'S3': ['D3'], 'S41': ['D41'], 'S39': ['D39'], 'S19': ['D19'], 'S45': ['D45'], 'S17': ['D17'], 'S54': ['D54'], 'S16': ['D16'], 'S35': ['D35'], 'S48': ['D48'], 'S50': ['D50'], 'S56': ['D56'], 'S9': ['D9'], 'S33': ['D33'], 'S6': ['D6'], 'S26': ['D26'], 'S46': ['D46'], 'S23': ['D23'], 'S12': ['D12'], 'S21': ['D21'], 'S27': ['D27'], 'S22': ['D22'], 'S40': ['D40'], 'S52': ['D52'], 'S10': ['D10']}
[kle_serial.py:897]: User layout: [['Esc', '!\n1', '@\n2', '#\n3', '$\n4', '%\n5', '^\n6', '&\n7', '*\n8', '(\n9', ')\n0', '_\n-', '+\n=', {'w': 2}, 'Backspace'], [{'w': 1.5}, 'Tab', 'Q', 'W', 'E', 'R', 'T', 'Y', 'U', 'I', 'O', 'P', '{\n[', '}\n]', {'w': 1.5}, '|\n\\'], [{'w': 1.75}, 'Caps Lock', 'A', 'S', 'D', 'F', 'G', 'H', 'J', 'K', 'L', ':\n;', '"\n\'', {'w': 2.25}, 'Enter'], [{'w': 2.25}, 'Shift', 'Z', 'X', 'C', 'V', 'B', 'N', 'M', '<\n,', '>\n.', '?\n/', {'w': 2.75}, 'Shift'], [{'w': 1.25}, 'Ctrl', {'w': 1.25}, 'Win', {'w': 1.25}, 'Alt', {'a': 7, 'w': 6.25}, '', {'a': 4, 'w': 1.25}, 'Alt', {'w': 1.25}, 'Win', {'w': 1.25}, 'Menu', {'w': 1.25}, 'Ctrl']]
[key_placer.py:662]: Layout offset: (28575000, 28575000)
[board_modifier.py:85]: Setting S1 footprint position: (38100000, 38100000)
[board_modifier.py:85]: Setting S2 footprint position: (57150000, 38100000)
[board_modifier.py:85]: Setting S3 footprint position: (76200000, 38100000)
[board_modifier.py:85]: Setting S4 footprint position: (95250000, 38100000)
[board_modifier.py:85]: Setting S5 footprint position: (114300000, 38100000)
[board_modifier.py:85]: Setting S6 footprint position: (133350000, 38100000)
[board_modifier.py:85]: Setting S7 footprint position: (152400000, 38100000)
[board_modifier.py:85]: Setting S8 footprint position: (171450000, 38100000)
[board_modifier.py:85]: Setting S9 footprint position: (190500000, 38100000)
[board_modifier.py:85]: Setting S10 footprint position: (209550000, 38100000)
[board_modifier.py:85]: Setting S11 footprint position: (228600000, 38100000)
[board_modifier.py:85]: Setting S12 footprint position: (247650000, 38100000)
[board_modifier.py:85]: Setting S13 footprint position: (266700000, 38100000)
[board_modifier.py:85]: Setting S14 footprint position: (295275000, 38100000)
[board_modifier.py:85]: Setting S15 footprint position: (42862500, 57150000)
[board_modifier.py:85]: Setting S16 footprint position: (66675000, 57150000)
[board_modifier.py:85]: Setting S17 footprint position: (85725000, 57150000)
[board_modifier.py:85]: Setting S18 footprint position: (104775000, 57150000)
[board_modifier.py:85]: Setting S19 footprint position: (123825000, 57150000)
[board_modifier.py:85]: Setting S20 footprint position: (142875000, 57150000)
[board_modifier.py:85]: Setting S21 footprint position: (161925000, 57150000)
[board_modifier.py:85]: Setting S22 footprint position: (180975000, 57150000)
[board_modifier.py:85]: Setting S23 footprint position: (200025000, 57150000)
[board_modifier.py:85]: Setting S24 footprint position: (219075000, 57150000)
[board_modifier.py:85]: Setting S25 footprint position: (238125000, 57150000)
[board_modifier.py:85]: Setting S26 footprint position: (257175000, 57150000)
[board_modifier.py:85]: Setting S27 footprint position: (276225000, 57150000)
[board_modifier.py:85]: Setting S28 footprint position: (300037500, 57150000)
[board_modifier.py:85]: Setting S29 footprint position: (45243750, 76200000)
[board_modifier.py:85]: Setting S30 footprint position: (71437500, 76200000)
[board_modifier.py:85]: Setting S31 footprint position: (90487500, 76200000)
[board_modifier.py:85]: Setting S32 footprint position: (109537500, 76200000)
[board_modifier.py:85]: Setting S33 footprint position: (128587500, 76200000)
[board_modifier.py:85]: Setting S34 footprint position: (147637500, 76200000)
[board_modifier.py:85]: Setting S35 footprint position: (166687500, 76200000)
[board_modifier.py:85]: Setting S36 footprint position: (185737500, 76200000)
[board_modifier.py:85]: Setting S37 footprint position: (204787500, 76200000)
[board_modifier.py:85]: Setting S38 footprint position: (223837500, 76200000)
[board_modifier.py:85]: Setting S39 footprint position: (242887500, 76200000)
[board_modifier.py:85]: Setting S40 footprint position: (261937500, 76200000)
[board_modifier.py:85]: Setting S41 footprint position: (292893750, 76200000)
[board_modifier.py:85]: Setting S42 footprint position: (50006250, 95250000)
[board_modifier.py:85]: Setting S43 footprint position: (80962500, 95250000)
[board_modifier.py:85]: Setting S44 footprint position: (100012500, 95250000)
[board_modifier.py:85]: Setting S45 footprint position: (119062500, 95250000)
[board_modifier.py:85]: Setting S46 footprint position: (138112500, 95250000)
[board_modifier.py:85]: Setting S47 footprint position: (157162500, 95250000)
[board_modifier.py:85]: Setting S48 footprint position: (176212500, 95250000)
[board_modifier.py:85]: Setting S49 footprint position: (195262500, 95250000)
[board_modifier.py:85]: Setting S50 footprint position: (214312500, 95250000)
[board_modifier.py:85]: Setting S51 footprint position: (233362500, 95250000)
[board_modifier.py:85]: Setting S52 footprint position: (252412500, 95250000)
[board_modifier.py:85]: Setting S53 footprint position: (288131250, 95250000)
[board_modifier.py:85]: Setting S54 footprint position: (40481250, 114300000)
[board_modifier.py:85]: Setting S55 footprint position: (64293750, 114300000)
[board_modifier.py:85]: Setting S56 footprint position: (88106250, 114300000)
[board_modifier.py:85]: Setting S57 footprint position: (159543750, 114300000)
[board_modifier.py:85]: Setting S58 footprint position: (230981250, 114300000)
[board_modifier.py:85]: Setting S59 footprint position: (254793750, 114300000)
[board_modifier.py:85]: Setting S60 footprint position: (278606250, 114300000)
[board_modifier.py:85]: Setting S61 footprint position: (302418750, 114300000)
[key_placer.py:999]: Diode info: [ElementInfo(annotation_format='D{}', position_option=<PositionOption.CUSTOM: 'Custom'>, position=ElementPosition(x=8.0, y=1.0, orientation=90.0, side=<Side.BACK: 'Back'>), template_path='')]
[board_modifier.py:98]: Getting S1 footprint position: (38100000, 38100000)
[board_modifier.py:85]: Setting D1 footprint position: (46100000, 39100000)
[board_modifier.py:98]: Getting S2 footprint position: (57150000, 38100000)
[board_modifier.py:85]: Setting D2 footprint position: (65150000, 39100000)
[board_modifier.py:98]: Getting S3 footprint position: (76200000, 38100000)
[board_modifier.py:85]: Setting D3 footprint position: (84200000, 39100000)
[board_modifier.py:98]: Getting S4 footprint position: (95250000, 38100000)
[board_modifier.py:85]: Setting D4 footprint position: (103250000, 39100000)
[board_modifier.py:98]: Getting S5 footprint position: (114300000, 38100000)
[board_modifier.py:85]: Setting D5 footprint position: (122300000, 39100000)
[board_modifier.py:98]: Getting S6 footprint position: (133350000, 38100000)
[board_modifier.py:85]: Setting D6 footprint position: (141350000, 39100000)
[board_modifier.py:98]: Getting S7 footprint position: (152400000, 38100000)
[board_modifier.py:85]: Setting D7 footprint position: (160400000, 39100000)
[board_modifier.py:98]: Getting S8 footprint position: (171450000, 38100000)
[board_modifier.py:85]: Setting D8 footprint position: (179450000, 39100000)
[board_modifier.py:98]: Getting S9 footprint position: (190500000, 38100000)
[board_modifier.py:85]: Setting D9 footprint position: (198500000, 39100000)
[board_modifier.py:98]: Getting S10 footprint position: (209550000, 38100000)
[board_modifier.py:85]: Setting D10 footprint position: (217550000, 39100000)
[board_modifier.py:98]: Getting S11 footprint position: (228600000, 38100000)
[board_modifier.py:85]: Setting D11 footprint position: (236600000, 39100000)
[board_modifier.py:98]: Getting S12 footprint position: (247650000, 38100000)
[board_modifier.py:85]: Setting D12 footprint position: (255650000, 39100000)
[board_modifier.py:98]: Getting S13 footprint position: (266700000, 38100000)
[board_modifier.py:85]: Setting D13 footprint position: (274700000, 39100000)
[board_modifier.py:98]: Getting S14 footprint position: (295275000, 38100000)
[board_modifier.py:85]: Setting D14 footprint position: (303275000, 39100000)
[board_modifier.py:98]: Getting S15 footprint position: (42862500, 57150000)
[board_modifier.py:85]: Setting D15 footprint position: (50862500, 58150000)
[board_modifier.py:98]: Getting S16 footprint position: (66675000, 57150000)
[board_modifier.py:85]: Setting D16 footprint position: (74675000, 58150000)
[board_modifier.py:98]: Getting S17 footprint position: (85725000, 57150000)
[board_modifier.py:85]: Setting D17 footprint position: (93725000, 58150000)
[board_modifier.py:98]: Getting S18 footprint position: (104775000, 57150000)
[board_modifier.py:85]: Setting D18 footprint position: (112775000, 58150000)
[board_modifier.py:98]: Getting S19 footprint position: (123825000, 57150000)
[board_modifier.py:85]: Setting D19 footprint position: (131825000, 58150000)
[board_modifier.py:98]: Getting S20 footprint position: (142875000, 57150000)
[board_modifier.py:85]: Setting D20 footprint position: (150875000, 58150000)
[board_modifier.py:98]: Getting S21 footprint position: (161925000, 57150000)
[board_modifier.py:85]: Setting D21 footprint position: (169925000, 58150000)
[board_modifier.py:98]: Getting S22 footprint position: (180975000, 57150000)
[board_modifier.py:85]: Setting D22 footprint position: (188975000, 58150000)
[board_modifier.py:98]: Getting S23 footprint position: (200025000, 57150000)
[board_modifier.py:85]: Setting D23 footprint position: (208025000, 58150000)
[board_modifier.py:98]: Getting S24 footprint position: (219075000, 57150000)
[board_modifier.py:85]: Setting D24 footprint position: (227075000, 58150000)
[board_modifier.py:98]: Getting S25 footprint position: (238125000, 57150000)
[board_modifier.py:85]: Setting D25 footprint position: (246125000, 58150000)
[board_modifier.py:98]: Getting S26 footprint position: (257175000, 57150000)
[board_modifier.py:85]: Setting D26 footprint position: (265175000, 58150000)
[board_modifier.py:98]: Getting S27 footprint position: (276225000, 57150000)
[board_modifier.py:85]: Setting D27 footprint position: (284225000, 58150000)
[board_modifier.py:98]: Getting S28 footprint position: (300037500, 57150000)
[board_modifier.py:85]: Setting D28 footprint position: (308037500, 58150000)
[board_modifier.py:98]: Getting S29 footprint position: (45243750, 76200000)
[board_modifier.py:85]: Setting D29 footprint position: (53243750, 77200000)
[board_modifier.py:98]: Getting S30 footprint position: (71437500, 76200000)
[board_modifier.py:85]: Setting D30 footprint position: (79437500, 77200000)
[board_modifier.py:98]: Getting S31 footprint position: (90487500, 76200000)
[board_modifier.py:85]: Setting D31 footprint position: (98487500, 77200000)
[board_modifier.py:98]: Getting S32 footprint position: (109537500, 76200000)
[board_modifier.py:85]: Setting D32 footprint position: (117537500, 77200000)
[board_modifier.py:98]: Getting S33 footprint position: (128587500, 76200000)
[board_modifier.py:85]: Setting D33 footprint position: (136587500, 77200000)
[board_modifier.py:98]: Getting S34 footprint position: (147637500, 76200000)
[board_modifier.py:85]: Setting D34 footprint position: (155637500, 77200000)
[board_modifier.py:98]: Getting S35 footprint position: (166687500, 76200000)
[board_modifier.py:85]: Setting D35 footprint position: (174687500, 77200000)
[board_modifier.py:98]: Getting S36 footprint position: (185737500, 76200000)
[board_modifier.py:85]: Setting D36 footprint position: (193737500, 77200000)
[board_modifier.py:98]: Getting S37 footprint position: (204787500, 76200000)
[board_modifier.py:85]: Setting D37 footprint position: (212787500, 77200000)
[board_modifier.py:98]: Getting S38 footprint position: (223837500, 76200000)
[board_modifier.py:85]: Setting D38 footprint position: (231837500, 77200000)
[board_modifier.py:98]: Getting S39 footprint position: (242887500, 76200000)
[board_modifier.py:85]: Setting D39 footprint position: (250887500, 77200000)
[board_modifier.py:98]: Getting S40 footprint position: (261937500, 76200000)
[board_modifier.py:85]: Setting D40 footprint position: (269937500, 77200000)
[board_modifier.py:98]: Getting S41 footprint position: (292893750, 76200000)
[board_modifier.py:85]: Setting D41 footprint position: (300893750, 77200000)
[board_modifier.py:98]: Getting S42 footprint position: (50006250, 95250000)
[board_modifier.py:85]: Setting D42 footprint position: (58006250, 96250000)
[board_modifier.py:98]: Getting S43 footprint position: (80962500, 95250000)
[board_modifier.py:85]: Setting D43 footprint position: (88962500, 96250000)
[board_modifier.py:98]: Getting S44 footprint position: (100012500, 95250000)
[board_modifier.py:85]: Setting D44 footprint position: (108012500, 96250000)
[board_modifier.py:98]: Getting S45 footprint position: (119062500, 95250000)
[board_modifier.py:85]: Setting D45 footprint position: (127062500, 96250000)
[board_modifier.py:98]: Getting S46 footprint position: (138112500, 95250000)
[board_modifier.py:85]: Setting D46 footprint position: (146112500, 96250000)
[board_modifier.py:98]: Getting S47 footprint position: (157162500, 95250000)
[board_modifier.py:85]: Setting D47 footprint position: (165162500, 96250000)
[board_modifier.py:98]: Getting S48 footprint position: (176212500, 95250000)
[board_modifier.py:85]: Setting D48 footprint position: (184212500, 96250000)
[board_modifier.py:98]: Getting S49 footprint position: (195262500, 95250000)
[board_modifier.py:85]: Setting D49 footprint position: (203262500, 96250000)
[board_modifier.py:98]: Getting S50 footprint position: (214312500, 95250000)
[board_modifier.py:85]: Setting D50 footprint position: (222312500, 96250000)
[board_modifier.py:98]: Getting S51 footprint position: (233362500, 95250000)
[board_modifier.py:85]: Setting D51 footprint position: (241362500, 96250000)
[board_modifier.py:98]: Getting S52 footprint position: (252412500, 95250000)
[board_modifier.py:85]: Setting D52 footprint position: (260412500, 96250000)
[board_modifier.py:98]: Getting S53 footprint position: (288131250, 95250000)
[board_modifier.py:85]: Setting D53 footprint position: (296131250, 96250000)
[board_modifier.py:98]: Getting S54 footprint position: (40481250, 114300000)
[board_modifier.py:85]: Setting D54 footprint position: (48481250, 115300000)
[board_modifier.py:98]: Getting S55 footprint position: (64293750, 114300000)
[board_modifier.py:85]: Setting D55 footprint position: (72293750, 115300000)
[board_modifier.py:98]: Getting S56 footprint position: (88106250, 114300000)
[board_modifier.py:85]: Setting D56 footprint position: (96106250, 115300000)
[board_modifier.py:98]: Getting S57 footprint position: (159543750, 114300000)
[board_modifier.py:85]: Setting D57 footprint position: (167543750, 115300000)
[board_modifier.py:98]: Getting S58 footprint position: (230981250, 114300000)
[board_modifier.py:85]: Setting D58 footprint position: (238981250, 115300000)
[board_modifier.py:98]: Getting S59 footprint position: (254793750, 114300000)
[board_modifier.py:85]: Setting D59 footprint position: (262793750, 115300000)
[board_modifier.py:98]: Getting S60 footprint position: (278606250, 114300000)
[board_modifier.py:85]: Setting D60 footprint position: (286606250, 115300000)
[board_modifier.py:98]: Getting S61 footprint position: (302418750, 114300000)
[board_modifier.py:85]: Setting D61 footprint position: (310418750, 115300000)
[key_placer.py:775]: Placing additional elements for S30
[board_modifier.py:98]: Getting S30 footprint position: (71437500, 76200000)
[board_modifier.py:75]: Searching for optional LED30 footprint in C:\Users\dac63\Documents\KiCad\60WKeyboard\60WKeyboard.kicad_pcb
[board_modifier.py:85]: Setting LED30 footprint position: (71437500, 81700000)
[key_placer.py:775]: Placing additional elements for S50
[board_modifier.py:98]: Getting S50 footprint position: (214312500, 95250000)
[board_modifier.py:75]: Searching for optional LED50 footprint in C:\Users\dac63\Documents\KiCad\60WKeyboard\60WKeyboard.kicad_pcb
[board_modifier.py:85]: Setting LED50 footprint position: (214312500, 100750000)
[key_placer.py:775]: Placing additional elements for S9
[board_modifier.py:98]: Getting S9 footprint position: (190500000, 38100000)
[board_modifier.py:75]: Searching for optional LED9 footprint in C:\Users\dac63\Documents\KiCad\60WKeyboard\60WKeyboard.kicad_pcb
[board_modifier.py:85]: Setting LED9 footprint position: (190500000, 43600000)
[key_placer.py:775]: Placing additional elements for S16
[board_modifier.py:98]: Getting S16 footprint position: (66675000, 57150000)
[board_modifier.py:75]: Searching for optional LED16 footprint in C:\Users\dac63\Documents\KiCad\60WKeyboard\60WKeyboard.kicad_pcb
[board_modifier.py:85]: Setting LED16 footprint position: (66675000, 62650000)
[key_placer.py:775]: Placing additional elements for S25
[board_modifier.py:98]: Getting S25 footprint position: (238125000, 57150000)
[board_modifier.py:75]: Searching for optional LED25 footprint in C:\Users\dac63\Documents\KiCad\60WKeyboard\60WKeyboard.kicad_pcb
[board_modifier.py:85]: Setting LED25 footprint position: (238125000, 62650000)
[key_placer.py:775]: Placing additional elements for S11
[board_modifier.py:98]: Getting S11 footprint position: (228600000, 38100000)
[board_modifier.py:75]: Searching for optional LED11 footprint in C:\Users\dac63\Documents\KiCad\60WKeyboard\60WKeyboard.kicad_pcb
[board_modifier.py:85]: Setting LED11 footprint position: (228600000, 43600000)
[key_placer.py:775]: Placing additional elements for S43
[board_modifier.py:98]: Getting S43 footprint position: (80962500, 95250000)
[board_modifier.py:75]: Searching for optional LED43 footprint in C:\Users\dac63\Documents\KiCad\60WKeyboard\60WKeyboard.kicad_pcb
[board_modifier.py:85]: Setting LED43 footprint position: (80962500, 100750000)
[key_placer.py:775]: Placing additional elements for S29
[board_modifier.py:98]: Getting S29 footprint position: (45243750, 76200000)
[board_modifier.py:75]: Searching for optional LED29 footprint in C:\Users\dac63\Documents\KiCad\60WKeyboard\60WKeyboard.kicad_pcb
[board_modifier.py:85]: Setting LED29 footprint position: (45243750, 81700000)
[key_placer.py:775]: Placing additional elements for S21
[board_modifier.py:98]: Getting S21 footprint position: (161925000, 57150000)
[board_modifier.py:75]: Searching for optional LED21 footprint in C:\Users\dac63\Documents\KiCad\60WKeyboard\60WKeyboard.kicad_pcb
[board_modifier.py:85]: Setting LED21 footprint position: (161925000, 62650000)
[key_placer.py:775]: Placing additional elements for S60
[board_modifier.py:98]: Getting S60 footprint position: (278606250, 114300000)
[board_modifier.py:75]: Searching for optional LED60 footprint in C:\Users\dac63\Documents\KiCad\60WKeyboard\60WKeyboard.kicad_pcb
[board_modifier.py:85]: Setting LED60 footprint position: (278606250, 119800000)
[key_placer.py:775]: Placing additional elements for S32
[board_modifier.py:98]: Getting S32 footprint position: (109537500, 76200000)
[board_modifier.py:75]: Searching for optional LED32 footprint in C:\Users\dac63\Documents\KiCad\60WKeyboard\60WKeyboard.kicad_pcb
[board_modifier.py:85]: Setting LED32 footprint position: (109537500, 81700000)
[key_placer.py:775]: Placing additional elements for S55
[board_modifier.py:98]: Getting S55 footprint position: (64293750, 114300000)
[board_modifier.py:75]: Searching for optional LED55 footprint in C:\Users\dac63\Documents\KiCad\60WKeyboard\60WKeyboard.kicad_pcb
[board_modifier.py:85]: Setting LED55 footprint position: (64293750, 119800000)
[key_placer.py:775]: Placing additional elements for S39
[board_modifier.py:98]: Getting S39 footprint position: (242887500, 76200000)
[board_modifier.py:75]: Searching for optional LED39 footprint in C:\Users\dac63\Documents\KiCad\60WKeyboard\60WKeyboard.kicad_pcb
[board_modifier.py:85]: Setting LED39 footprint position: (242887500, 81700000)
[key_placer.py:775]: Placing additional elements for S24
[board_modifier.py:98]: Getting S24 footprint position: (219075000, 57150000)
[board_modifier.py:75]: Searching for optional LED24 footprint in C:\Users\dac63\Documents\KiCad\60WKeyboard\60WKeyboard.kicad_pcb
[board_modifier.py:85]: Setting LED24 footprint position: (219075000, 62650000)
[key_placer.py:775]: Placing additional elements for S8
[board_modifier.py:98]: Getting S8 footprint position: (171450000, 38100000)
[board_modifier.py:75]: Searching for optional LED8 footprint in C:\Users\dac63\Documents\KiCad\60WKeyboard\60WKeyboard.kicad_pcb
[board_modifier.py:85]: Setting LED8 footprint position: (171450000, 43600000)
[key_placer.py:775]: Placing additional elements for S58
[board_modifier.py:98]: Getting S58 footprint position: (230981250, 114300000)
[board_modifier.py:75]: Searching for optional LED58 footprint in C:\Users\dac63\Documents\KiCad\60WKeyboard\60WKeyboard.kicad_pcb
[board_modifier.py:85]: Setting LED58 footprint position: (230981250, 119800000)
[key_placer.py:775]: Placing additional elements for S41
[board_modifier.py:98]: Getting S41 footprint position: (292893750, 76200000)
[board_modifier.py:75]: Searching for optional LED41 footprint in C:\Users\dac63\Documents\KiCad\60WKeyboard\60WKeyboard.kicad_pcb
[board_modifier.py:85]: Setting LED41 footprint position: (292893750, 81700000)
[key_placer.py:775]: Placing additional elements for S36
[board_modifier.py:98]: Getting S36 footprint position: (185737500, 76200000)
[board_modifier.py:75]: Searching for optional LED36 footprint in C:\Users\dac63\Documents\KiCad\60WKeyboard\60WKeyboard.kicad_pcb
[board_modifier.py:85]: Setting LED36 footprint position: (185737500, 81700000)
[key_placer.py:775]: Placing additional elements for S53
[board_modifier.py:98]: Getting S53 footprint position: (288131250, 95250000)
[board_modifier.py:75]: Searching for optional LED53 footprint in C:\Users\dac63\Documents\KiCad\60WKeyboard\60WKeyboard.kicad_pcb
[board_modifier.py:85]: Setting LED53 footprint position: (288131250, 100750000)
[key_placer.py:775]: Placing additional elements for S10
[board_modifier.py:98]: Getting S10 footprint position: (209550000, 38100000)
[board_modifier.py:75]: Searching for optional LED10 footprint in C:\Users\dac63\Documents\KiCad\60WKeyboard\60WKeyboard.kicad_pcb
[board_modifier.py:85]: Setting LED10 footprint position: (209550000, 43600000)
[key_placer.py:775]: Placing additional elements for S2
[board_modifier.py:98]: Getting S2 footprint position: (57150000, 38100000)
[board_modifier.py:75]: Searching for optional LED2 footprint in C:\Users\dac63\Documents\KiCad\60WKeyboard\60WKeyboard.kicad_pcb
[board_modifier.py:85]: Setting LED2 footprint position: (57150000, 43600000)
[key_placer.py:775]: Placing additional elements for S59
[board_modifier.py:98]: Getting S59 footprint position: (254793750, 114300000)
[board_modifier.py:75]: Searching for optional LED59 footprint in C:\Users\dac63\Documents\KiCad\60WKeyboard\60WKeyboard.kicad_pcb
[board_modifier.py:85]: Setting LED59 footprint position: (254793750, 119800000)
[key_placer.py:775]: Placing additional elements for S27
[board_modifier.py:98]: Getting S27 footprint position: (276225000, 57150000)
[board_modifier.py:75]: Searching for optional LED27 footprint in C:\Users\dac63\Documents\KiCad\60WKeyboard\60WKeyboard.kicad_pcb
[board_modifier.py:85]: Setting LED27 footprint position: (276225000, 62650000)
[key_placer.py:775]: Placing additional elements for S47
[board_modifier.py:98]: Getting S47 footprint position: (157162500, 95250000)
[board_modifier.py:75]: Searching for optional LED47 footprint in C:\Users\dac63\Documents\KiCad\60WKeyboard\60WKeyboard.kicad_pcb
[board_modifier.py:85]: Setting LED47 footprint position: (157162500, 100750000)
[key_placer.py:775]: Placing additional elements for S17
[board_modifier.py:98]: Getting S17 footprint position: (85725000, 57150000)
[board_modifier.py:75]: Searching for optional LED17 footprint in C:\Users\dac63\Documents\KiCad\60WKeyboard\60WKeyboard.kicad_pcb
[board_modifier.py:85]: Setting LED17 footprint position: (85725000, 62650000)
[key_placer.py:775]: Placing additional elements for S44
[board_modifier.py:98]: Getting S44 footprint position: (100012500, 95250000)
[board_modifier.py:75]: Searching for optional LED44 footprint in C:\Users\dac63\Documents\KiCad\60WKeyboard\60WKeyboard.kicad_pcb
[board_modifier.py:85]: Setting LED44 footprint position: (100012500, 100750000)
[key_placer.py:775]: Placing additional elements for S3
[board_modifier.py:98]: Getting S3 footprint position: (76200000, 38100000)
[board_modifier.py:75]: Searching for optional LED3 footprint in C:\Users\dac63\Documents\KiCad\60WKeyboard\60WKeyboard.kicad_pcb
[board_modifier.py:85]: Setting LED3 footprint position: (76200000, 43600000)
[key_placer.py:775]: Placing additional elements for S37
[board_modifier.py:98]: Getting S37 footprint position: (204787500, 76200000)
[board_modifier.py:75]: Searching for optional LED37 footprint in C:\Users\dac63\Documents\KiCad\60WKeyboard\60WKeyboard.kicad_pcb
[board_modifier.py:85]: Setting LED37 footprint position: (204787500, 81700000)
[key_placer.py:775]: Placing additional elements for S28
[board_modifier.py:98]: Getting S28 footprint position: (300037500, 57150000)
[board_modifier.py:75]: Searching for optional LED28 footprint in C:\Users\dac63\Documents\KiCad\60WKeyboard\60WKeyboard.kicad_pcb
[board_modifier.py:85]: Setting LED28 footprint position: (300037500, 62650000)
[key_placer.py:775]: Placing additional elements for S38
[board_modifier.py:98]: Getting S38 footprint position: (223837500, 76200000)
[board_modifier.py:75]: Searching for optional LED38 footprint in C:\Users\dac63\Documents\KiCad\60WKeyboard\60WKeyboard.kicad_pcb
[board_modifier.py:85]: Setting LED38 footprint position: (223837500, 81700000)
[key_placer.py:775]: Placing additional elements for S56
[board_modifier.py:98]: Getting S56 footprint position: (88106250, 114300000)
[board_modifier.py:75]: Searching for optional LED56 footprint in C:\Users\dac63\Documents\KiCad\60WKeyboard\60WKeyboard.kicad_pcb
[board_modifier.py:85]: Setting LED56 footprint position: (88106250, 119800000)
[key_placer.py:775]: Placing additional elements for S34
[board_modifier.py:98]: Getting S34 footprint position: (147637500, 76200000)
[board_modifier.py:75]: Searching for optional LED34 footprint in C:\Users\dac63\Documents\KiCad\60WKeyboard\60WKeyboard.kicad_pcb
[board_modifier.py:85]: Setting LED34 footprint position: (147637500, 81700000)
[key_placer.py:775]: Placing additional elements for S19
[board_modifier.py:98]: Getting S19 footprint position: (123825000, 57150000)
[board_modifier.py:75]: Searching for optional LED19 footprint in C:\Users\dac63\Documents\KiCad\60WKeyboard\60WKeyboard.kicad_pcb
[board_modifier.py:85]: Setting LED19 footprint position: (123825000, 62650000)
[key_placer.py:775]: Placing additional elements for S22
[board_modifier.py:98]: Getting S22 footprint position: (180975000, 57150000)
[board_modifier.py:75]: Searching for optional LED22 footprint in C:\Users\dac63\Documents\KiCad\60WKeyboard\60WKeyboard.kicad_pcb
[board_modifier.py:85]: Setting LED22 footprint position: (180975000, 62650000)
[key_placer.py:775]: Placing additional elements for S14
[board_modifier.py:98]: Getting S14 footprint position: (295275000, 38100000)
[board_modifier.py:75]: Searching for optional LED14 footprint in C:\Users\dac63\Documents\KiCad\60WKeyboard\60WKeyboard.kicad_pcb
[board_modifier.py:85]: Setting LED14 footprint position: (295275000, 43600000)
[key_placer.py:775]: Placing additional elements for S51
[board_modifier.py:98]: Getting S51 footprint position: (233362500, 95250000)
[board_modifier.py:75]: Searching for optional LED51 footprint in C:\Users\dac63\Documents\KiCad\60WKeyboard\60WKeyboard.kicad_pcb
[board_modifier.py:85]: Setting LED51 footprint position: (233362500, 100750000)
[key_placer.py:775]: Placing additional elements for S33
[board_modifier.py:98]: Getting S33 footprint position: (128587500, 76200000)
[board_modifier.py:75]: Searching for optional LED33 footprint in C:\Users\dac63\Documents\KiCad\60WKeyboard\60WKeyboard.kicad_pcb
[board_modifier.py:85]: Setting LED33 footprint position: (128587500, 81700000)
[key_placer.py:775]: Placing additional elements for S57
[board_modifier.py:98]: Getting S57 footprint position: (159543750, 114300000)
[board_modifier.py:75]: Searching for optional LED57 footprint in C:\Users\dac63\Documents\KiCad\60WKeyboard\60WKeyboard.kicad_pcb
[board_modifier.py:85]: Setting LED57 footprint position: (159543750, 119800000)
[key_placer.py:775]: Placing additional elements for S48
[board_modifier.py:98]: Getting S48 footprint position: (176212500, 95250000)
[board_modifier.py:75]: Searching for optional LED48 footprint in C:\Users\dac63\Documents\KiCad\60WKeyboard\60WKeyboard.kicad_pcb
[board_modifier.py:85]: Setting LED48 footprint position: (176212500, 100750000)
[key_placer.py:775]: Placing additional elements for S45
[board_modifier.py:98]: Getting S45 footprint position: (119062500, 95250000)
[board_modifier.py:75]: Searching for optional LED45 footprint in C:\Users\dac63\Documents\KiCad\60WKeyboard\60WKeyboard.kicad_pcb
[board_modifier.py:85]: Setting LED45 footprint position: (119062500, 100750000)
[key_placer.py:775]: Placing additional elements for S20
[board_modifier.py:98]: Getting S20 footprint position: (142875000, 57150000)
[board_modifier.py:75]: Searching for optional LED20 footprint in C:\Users\dac63\Documents\KiCad\60WKeyboard\60WKeyboard.kicad_pcb
[board_modifier.py:85]: Setting LED20 footprint position: (142875000, 62650000)
[key_placer.py:775]: Placing additional elements for S6
[board_modifier.py:98]: Getting S6 footprint position: (133350000, 38100000)
[board_modifier.py:75]: Searching for optional LED6 footprint in C:\Users\dac63\Documents\KiCad\60WKeyboard\60WKeyboard.kicad_pcb
[board_modifier.py:85]: Setting LED6 footprint position: (133350000, 43600000)
[key_placer.py:775]: Placing additional elements for S35
[board_modifier.py:98]: Getting S35 footprint position: (166687500, 76200000)
[board_modifier.py:75]: Searching for optional LED35 footprint in C:\Users\dac63\Documents\KiCad\60WKeyboard\60WKeyboard.kicad_pcb
[board_modifier.py:85]: Setting LED35 footprint position: (166687500, 81700000)
[key_placer.py:775]: Placing additional elements for S42
[board_modifier.py:98]: Getting S42 footprint position: (50006250, 95250000)
[board_modifier.py:75]: Searching for optional LED42 footprint in C:\Users\dac63\Documents\KiCad\60WKeyboard\60WKeyboard.kicad_pcb
[board_modifier.py:85]: Setting LED42 footprint position: (50006250, 100750000)
[key_placer.py:775]: Placing additional elements for S13
[board_modifier.py:98]: Getting S13 footprint position: (266700000, 38100000)
[board_modifier.py:75]: Searching for optional LED13 footprint in C:\Users\dac63\Documents\KiCad\60WKeyboard\60WKeyboard.kicad_pcb
[board_modifier.py:85]: Setting LED13 footprint position: (266700000, 43600000)
[key_placer.py:775]: Placing additional elements for S46
[board_modifier.py:98]: Getting S46 footprint position: (138112500, 95250000)
[board_modifier.py:75]: Searching for optional LED46 footprint in C:\Users\dac63\Documents\KiCad\60WKeyboard\60WKeyboard.kicad_pcb
[board_modifier.py:85]: Setting LED46 footprint position: (138112500, 100750000)
[key_placer.py:775]: Placing additional elements for S40
[board_modifier.py:98]: Getting S40 footprint position: (261937500, 76200000)
[board_modifier.py:75]: Searching for optional LED40 footprint in C:\Users\dac63\Documents\KiCad\60WKeyboard\60WKeyboard.kicad_pcb
[board_modifier.py:85]: Setting LED40 footprint position: (261937500, 81700000)
[key_placer.py:775]: Placing additional elements for S52
[board_modifier.py:98]: Getting S52 footprint position: (252412500, 95250000)
[board_modifier.py:75]: Searching for optional LED52 footprint in C:\Users\dac63\Documents\KiCad\60WKeyboard\60WKeyboard.kicad_pcb
[board_modifier.py:85]: Setting LED52 footprint position: (252412500, 100750000)
[key_placer.py:775]: Placing additional elements for S49
[board_modifier.py:98]: Getting S49 footprint position: (195262500, 95250000)
[board_modifier.py:75]: Searching for optional LED49 footprint in C:\Users\dac63\Documents\KiCad\60WKeyboard\60WKeyboard.kicad_pcb
[board_modifier.py:85]: Setting LED49 footprint position: (195262500, 100750000)
[key_placer.py:775]: Placing additional elements for S54
[board_modifier.py:98]: Getting S54 footprint position: (40481250, 114300000)
[board_modifier.py:75]: Searching for optional LED54 footprint in C:\Users\dac63\Documents\KiCad\60WKeyboard\60WKeyboard.kicad_pcb
[board_modifier.py:85]: Setting LED54 footprint position: (40481250, 119800000)
[key_placer.py:775]: Placing additional elements for S12
[board_modifier.py:98]: Getting S12 footprint position: (247650000, 38100000)
[board_modifier.py:75]: Searching for optional LED12 footprint in C:\Users\dac63\Documents\KiCad\60WKeyboard\60WKeyboard.kicad_pcb
[board_modifier.py:85]: Setting LED12 footprint position: (247650000, 43600000)
[key_placer.py:775]: Placing additional elements for S26
[board_modifier.py:98]: Getting S26 footprint position: (257175000, 57150000)
[board_modifier.py:75]: Searching for optional LED26 footprint in C:\Users\dac63\Documents\KiCad\60WKeyboard\60WKeyboard.kicad_pcb
[board_modifier.py:85]: Setting LED26 footprint position: (257175000, 62650000)
[key_placer.py:775]: Placing additional elements for S23
[board_modifier.py:98]: Getting S23 footprint position: (200025000, 57150000)
[board_modifier.py:75]: Searching for optional LED23 footprint in C:\Users\dac63\Documents\KiCad\60WKeyboard\60WKeyboard.kicad_pcb
[board_modifier.py:85]: Setting LED23 footprint position: (200025000, 62650000)
[key_placer.py:775]: Placing additional elements for S5
[board_modifier.py:98]: Getting S5 footprint position: (114300000, 38100000)
[board_modifier.py:75]: Searching for optional LED5 footprint in C:\Users\dac63\Documents\KiCad\60WKeyboard\60WKeyboard.kicad_pcb
[board_modifier.py:85]: Setting LED5 footprint position: (114300000, 43600000)
[key_placer.py:775]: Placing additional elements for S15
[board_modifier.py:98]: Getting S15 footprint position: (42862500, 57150000)
[board_modifier.py:75]: Searching for optional LED15 footprint in C:\Users\dac63\Documents\KiCad\60WKeyboard\60WKeyboard.kicad_pcb
[board_modifier.py:85]: Setting LED15 footprint position: (42862500, 62650000)
[key_placer.py:775]: Placing additional elements for S7
[board_modifier.py:98]: Getting S7 footprint position: (152400000, 38100000)
[board_modifier.py:75]: Searching for optional LED7 footprint in C:\Users\dac63\Documents\KiCad\60WKeyboard\60WKeyboard.kicad_pcb
[board_modifier.py:85]: Setting LED7 footprint position: (152400000, 43600000)
[key_placer.py:775]: Placing additional elements for S1
[board_modifier.py:98]: Getting S1 footprint position: (38100000, 38100000)
[board_modifier.py:75]: Searching for optional LED1 footprint in C:\Users\dac63\Documents\KiCad\60WKeyboard\60WKeyboard.kicad_pcb
[board_modifier.py:85]: Setting LED1 footprint position: (38100000, 43600000)
[key_placer.py:775]: Placing additional elements for S18
[board_modifier.py:98]: Getting S18 footprint position: (104775000, 57150000)
[board_modifier.py:75]: Searching for optional LED18 footprint in C:\Users\dac63\Documents\KiCad\60WKeyboard\60WKeyboard.kicad_pcb
[board_modifier.py:85]: Setting LED18 footprint position: (104775000, 62650000)
[key_placer.py:775]: Placing additional elements for S4
[board_modifier.py:98]: Getting S4 footprint position: (95250000, 38100000)
[board_modifier.py:75]: Searching for optional LED4 footprint in C:\Users\dac63\Documents\KiCad\60WKeyboard\60WKeyboard.kicad_pcb
[board_modifier.py:85]: Setting LED4 footprint position: (95250000, 43600000)
[key_placer.py:775]: Placing additional elements for S61
[board_modifier.py:98]: Getting S61 footprint position: (302418750, 114300000)
[board_modifier.py:75]: Searching for optional LED61 footprint in C:\Users\dac63\Documents\KiCad\60WKeyboard\60WKeyboard.kicad_pcb
[board_modifier.py:85]: Setting LED61 footprint position: (302418750, 119800000)
[key_placer.py:775]: Placing additional elements for S31
[board_modifier.py:98]: Getting S31 footprint position: (90487500, 76200000)
[board_modifier.py:75]: Searching for optional LED31 footprint in C:\Users\dac63\Documents\KiCad\60WKeyboard\60WKeyboard.kicad_pcb
[board_modifier.py:85]: Setting LED31 footprint position: (90487500, 81700000)
